e:\[code]\2023 projects\3d rendering\3d rendering\3d rendering\x64\debug\vc143.pdb
e:\[code]\2023 projects\3d rendering\3d rendering\3d rendering\x64\debug\vc143.idb
e:\[code]\2023 projects\3d rendering\3d rendering\3d rendering\x64\debug\vertex.obj
e:\[code]\2023 projects\3d rendering\3d rendering\3d rendering\x64\debug\cube.obj
e:\[code]\2023 projects\3d rendering\3d rendering\3d rendering\x64\debug\constants.obj
e:\[code]\2023 projects\3d rendering\3d rendering\3d rendering\x64\debug\3d rendering.obj
e:\[code]\2023 projects\3d rendering\3d rendering\3d rendering\x64\debug\triangularp.obj
e:\[code]\2023 projects\3d rendering\3d rendering\3d rendering\x64\debug\shape.obj
e:\[code]\2023 projects\3d rendering\3d rendering\3d rendering\x64\debug\entities.obj
e:\[code]\2023 projects\3d rendering\3d rendering\x64\debug\3d rendering.pdb
e:\[code]\2023 projects\3d rendering\3d rendering\3d rendering\x64\debug\3d rendering.tlog\cl.command.1.tlog
e:\[code]\2023 projects\3d rendering\3d rendering\3d rendering\x64\debug\3d rendering.tlog\cl.read.1.tlog
e:\[code]\2023 projects\3d rendering\3d rendering\3d rendering\x64\debug\3d rendering.tlog\cl.write.1.tlog
e:\[code]\2023 projects\3d rendering\3d rendering\3d rendering\x64\debug\3d rendering.tlog\link.13096-cvtres.read.1.tlog
e:\[code]\2023 projects\3d rendering\3d rendering\3d rendering\x64\debug\3d rendering.tlog\link.13096-cvtres.write.1.tlog
e:\[code]\2023 projects\3d rendering\3d rendering\3d rendering\x64\debug\3d rendering.tlog\link.13096-rc.read.1.tlog
e:\[code]\2023 projects\3d rendering\3d rendering\3d rendering\x64\debug\3d rendering.tlog\link.13096-rc.write.1.tlog
e:\[code]\2023 projects\3d rendering\3d rendering\3d rendering\x64\debug\3d rendering.tlog\link.13096.read.1.tlog
e:\[code]\2023 projects\3d rendering\3d rendering\3d rendering\x64\debug\3d rendering.tlog\link.13096.read.2.tlog
e:\[code]\2023 projects\3d rendering\3d rendering\3d rendering\x64\debug\3d rendering.tlog\link.13096.write.1.tlog
e:\[code]\2023 projects\3d rendering\3d rendering\3d rendering\x64\debug\3d rendering.tlog\link.command.1.tlog
e:\[code]\2023 projects\3d rendering\3d rendering\3d rendering\x64\debug\3d rendering.tlog\link.read.1.tlog
e:\[code]\2023 projects\3d rendering\3d rendering\3d rendering\x64\debug\3d rendering.tlog\link.write.1.tlog
